NHapp/build/intermediates/manifest_merge_blame_file/release/manifest-merger-blame-release-report.txt
1<?xml version="1.0" encoding="utf-8"?>
2<manifest xmlns:android="http://schemas.android.com/apk/res/android"
3    package="com.offsec.nethunter"
4    android:versionCode="1005"
5    android:versionName="1.5" >
6
7    <uses-sdk
8        android:minSdkVersion="26"
8-->NHapp/NHapp/AndroidManifest.xml
9        android:targetSdkVersion="30" />
9-->NHapp/NHapp/AndroidManifest.xml
10
11    <uses-permission android:name="android.permission.INTERNET" />
11-->NHapp/NHapp/AndroidManifest.xml:6:5-67
11-->NHapp/NHapp/AndroidManifest.xml:6:22-64
12    <uses-permission android:name="android.permission.BLUETOOTH" />
12-->NHapp/NHapp/AndroidManifest.xml:7:5-68
12-->NHapp/NHapp/AndroidManifest.xml:7:22-65
13    <uses-permission android:name="android.permission.BLUETOOTH_ADMIN" />
13-->NHapp/NHapp/AndroidManifest.xml:8:5-74
13-->NHapp/NHapp/AndroidManifest.xml:8:22-71
14    <uses-permission android:name="android.permission.BLUETOOTH_PRIVILEGED" />
14-->NHapp/NHapp/AndroidManifest.xml:9:5-10:47
14-->NHapp/NHapp/AndroidManifest.xml:9:22-76
15    <uses-permission android:name="android.permission.ACCESS_WIFI_STATE" />
15-->NHapp/NHapp/AndroidManifest.xml:11:5-76
15-->NHapp/NHapp/AndroidManifest.xml:11:22-73
16    <uses-permission android:name="android.permission.CHANGE_WIFI_STATE" />
16-->NHapp/NHapp/AndroidManifest.xml:12:5-76
16-->NHapp/NHapp/AndroidManifest.xml:12:22-73
17    <uses-permission android:name="android.permission.READ_EXTERNAL_STORAGE" />
17-->NHapp/NHapp/AndroidManifest.xml:13:5-80
17-->NHapp/NHapp/AndroidManifest.xml:13:22-77
18    <uses-permission android:name="android.permission.WRITE_EXTERNAL_STORAGE" />
18-->NHapp/NHapp/AndroidManifest.xml:14:5-81
18-->NHapp/NHapp/AndroidManifest.xml:14:22-78
19    <uses-permission android:name="com.offsec.nhterm.permission.RUN_SCRIPT" />
19-->NHapp/NHapp/AndroidManifest.xml:15:5-79
19-->NHapp/NHapp/AndroidManifest.xml:15:22-76
20    <uses-permission android:name="com.offsec.nhterm.permission.RUN_SCRIPT_SU" />
20-->NHapp/NHapp/AndroidManifest.xml:16:5-82
20-->NHapp/NHapp/AndroidManifest.xml:16:22-79
21    <uses-permission android:name="com.offsec.nhterm.permission.RUN_SCRIPT_NH" />
21-->NHapp/NHapp/AndroidManifest.xml:17:5-82
21-->NHapp/NHapp/AndroidManifest.xml:17:22-79
22    <uses-permission android:name="com.offsec.nhterm.permission.RUN_SCRIPT_NH_LOGIN" />
22-->NHapp/NHapp/AndroidManifest.xml:18:5-88
22-->NHapp/NHapp/AndroidManifest.xml:18:22-85
23    <uses-permission android:name="android.permission.RECEIVE_BOOT_COMPLETED" />
23-->NHapp/NHapp/AndroidManifest.xml:19:5-81
23-->NHapp/NHapp/AndroidManifest.xml:19:22-78
24    <uses-permission android:name="android.permission.WAKE_LOCK" />
24-->NHapp/NHapp/AndroidManifest.xml:20:5-68
24-->NHapp/NHapp/AndroidManifest.xml:20:22-65
25    <uses-permission android:name="android.permission.VIBRATE" />
25-->NHapp/NHapp/AndroidManifest.xml:21:5-66
25-->NHapp/NHapp/AndroidManifest.xml:21:22-63
26    <uses-permission android:name="android.permission.ACCESS_FINE_LOCATION" />
26-->NHapp/NHapp/AndroidManifest.xml:22:5-79
26-->NHapp/NHapp/AndroidManifest.xml:22:22-76
27    <uses-permission android:name="android.permission.ACCESS_COARSE_LOCATION" />
27-->NHapp/NHapp/AndroidManifest.xml:23:5-81
27-->NHapp/NHapp/AndroidManifest.xml:23:22-78
28    <uses-permission android:name="android.permission.ACCESS_BACKGROUND_LOCATION" />
28-->NHapp/NHapp/AndroidManifest.xml:24:5-85
28-->NHapp/NHapp/AndroidManifest.xml:24:22-82
29    <uses-permission android:name="android.permission.FOREGROUND_SERVICE" />
29-->NHapp/NHapp/AndroidManifest.xml:25:5-77
29-->NHapp/NHapp/AndroidManifest.xml:25:22-74
30    <uses-permission android:name="android.permission.BIND_ACCESSIBILITY_SERVICE" />
30-->NHapp/NHapp/AndroidManifest.xml:26:5-27:47
30-->NHapp/NHapp/AndroidManifest.xml:26:22-82
31
32    <supports-screens
32-->NHapp/NHapp/AndroidManifest.xml:29:5-35:40
33        android:anyDensity="true"
33-->NHapp/NHapp/AndroidManifest.xml:30:9-34
34        android:largeScreens="true"
34-->NHapp/NHapp/AndroidManifest.xml:31:9-36
35        android:normalScreens="true"
35-->NHapp/NHapp/AndroidManifest.xml:32:9-37
36        android:resizeable="true"
36-->NHapp/NHapp/AndroidManifest.xml:33:9-34
37        android:smallScreens="true"
37-->NHapp/NHapp/AndroidManifest.xml:34:9-36
38        android:xlargeScreens="true" />
38-->NHapp/NHapp/AndroidManifest.xml:35:9-37
39
40    <application
40-->NHapp/NHapp/AndroidManifest.xml:37:5-129:19
41        android:allowBackup="false"
41-->NHapp/NHapp/AndroidManifest.xml:38:9-36
42        android:appComponentFactory="androidx.core.app.CoreComponentFactory"
42-->[androidx.core:core:1.2.0] AndroidManifest.xml:24:18-86
43        android:extractNativeLibs="false"
44        android:icon="@drawable/ic_launcher"
44-->NHapp/NHapp/AndroidManifest.xml:39:9-45
45        android:label="@string/app_name"
45-->NHapp/NHapp/AndroidManifest.xml:40:9-41
46        android:requestLegacyExternalStorage="true"
46-->NHapp/NHapp/AndroidManifest.xml:45:9-52
47        android:resizeableActivity="true"
47-->NHapp/NHapp/AndroidManifest.xml:41:9-42
48        android:supportsPictureInPicture="false"
48-->NHapp/NHapp/AndroidManifest.xml:42:9-49
49        android:theme="@style/Theme.Nethunter"
49-->NHapp/NHapp/AndroidManifest.xml:43:9-47
50        android:windowSoftInputMode="adjustResize" >
50-->NHapp/NHapp/AndroidManifest.xml:44:9-51
51        <activity
51-->NHapp/NHapp/AndroidManifest.xml:47:9-67:20
52            android:name="com.offsec.nethunter.AppNavHomeActivity"
52-->NHapp/NHapp/AndroidManifest.xml:48:13-47
53            android:configChanges="orientation|keyboardHidden|screenSize|keyboard"
53-->NHapp/NHapp/AndroidManifest.xml:49:13-83
54            android:label="@string/app_name"
54-->NHapp/NHapp/AndroidManifest.xml:50:13-45
55            android:launchMode="singleTop"
55-->NHapp/NHapp/AndroidManifest.xml:51:13-43
56            android:theme="@style/Theme.Nethunter" >
56-->NHapp/NHapp/AndroidManifest.xml:52:13-51
57            <intent-filter android:label="@string/app_nav_home_label" >
57-->NHapp/NHapp/AndroidManifest.xml:53:13-56:29
57-->NHapp/NHapp/AndroidManifest.xml:53:28-70
58                <action android:name="android.intent.action.MAIN" />
58-->NHapp/NHapp/AndroidManifest.xml:54:17-69
58-->NHapp/NHapp/AndroidManifest.xml:54:25-66
59
60                <category android:name="android.intent.category.LAUNCHER" />
60-->NHapp/NHapp/AndroidManifest.xml:55:17-77
60-->NHapp/NHapp/AndroidManifest.xml:55:27-74
61            </intent-filter>
62            <intent-filter>
62-->NHapp/NHapp/AndroidManifest.xml:57:13-59:29
63                <category android:name="android.intent.category.DEFAULT" />
63-->NHapp/NHapp/AndroidManifest.xml:58:17-76
63-->NHapp/NHapp/AndroidManifest.xml:58:27-73
64            </intent-filter>
65            <!-- for Nougat -->
66            <layout
66-->NHapp/NHapp/AndroidManifest.xml:61:13-66:44
67                android:defaultHeight="500dp"
67-->NHapp/NHapp/AndroidManifest.xml:62:17-46
68                android:defaultWidth="600dp"
68-->NHapp/NHapp/AndroidManifest.xml:63:17-45
69                android:gravity="top|end"
69-->NHapp/NHapp/AndroidManifest.xml:64:17-42
70                android:minHeight="320dp"
70-->NHapp/NHapp/AndroidManifest.xml:65:17-42
71                android:minWidth="480dp" />
71-->NHapp/NHapp/AndroidManifest.xml:66:17-41
72        </activity>
73        <activity
73-->NHapp/NHapp/AndroidManifest.xml:69:9-77:20
74            android:name="com.offsec.nethunter.EditSourceActivity"
74-->NHapp/NHapp/AndroidManifest.xml:70:13-47
75            android:label="Edit Source"
75-->NHapp/NHapp/AndroidManifest.xml:71:13-40
76            android:theme="@style/Theme.Nethunter"
76-->NHapp/NHapp/AndroidManifest.xml:72:13-51
77            android:windowSoftInputMode="stateHidden" >
77-->NHapp/NHapp/AndroidManifest.xml:73:13-54
78            <meta-data
78-->NHapp/NHapp/AndroidManifest.xml:74:13-76:55
79                android:name="android.support.PARENT_ACTIVITY"
79-->NHapp/NHapp/AndroidManifest.xml:75:17-63
80                android:value=".EditSourceActivity" />
80-->NHapp/NHapp/AndroidManifest.xml:76:17-52
81        </activity>
82        <activity
82-->NHapp/NHapp/AndroidManifest.xml:78:9-86:20
83            android:name="com.offsec.nethunter.DeAuthWhitelistActivity"
83-->NHapp/NHapp/AndroidManifest.xml:79:13-52
84            android:label="Edit whitelist"
84-->NHapp/NHapp/AndroidManifest.xml:80:13-43
85            android:theme="@style/Theme.Nethunter"
85-->NHapp/NHapp/AndroidManifest.xml:81:13-51
86            android:windowSoftInputMode="stateHidden" >
86-->NHapp/NHapp/AndroidManifest.xml:82:13-54
87            <meta-data
87-->NHapp/NHapp/AndroidManifest.xml:74:13-76:55
88                android:name="android.support.PARENT_ACTIVITY"
88-->NHapp/NHapp/AndroidManifest.xml:75:17-63
89                android:value=".DeAuthWhitelistActivity" />
89-->NHapp/NHapp/AndroidManifest.xml:76:17-52
90        </activity>
91
92        <receiver
92-->NHapp/NHapp/AndroidManifest.xml:88:9-100:20
93            android:name="com.offsec.nethunter.receiver.BootCompletedReceiver"
93-->NHapp/NHapp/AndroidManifest.xml:88:19-65
94            android:enabled="true"
94-->NHapp/NHapp/AndroidManifest.xml:89:13-35
95            android:exported="true" >
95-->NHapp/NHapp/AndroidManifest.xml:90:13-36
96            <intent-filter>
96-->NHapp/NHapp/AndroidManifest.xml:91:13-99:29
97                <category android:name="android.intent.category.DEFAULT" />
97-->NHapp/NHapp/AndroidManifest.xml:58:17-76
97-->NHapp/NHapp/AndroidManifest.xml:58:27-73
98
99                <action android:name="android.intent.action.BOOT_COMPLETED" />
99-->NHapp/NHapp/AndroidManifest.xml:93:17-79
99-->NHapp/NHapp/AndroidManifest.xml:93:25-76
100                <action android:name="android.intent.action.ACTION_BOOT_COMPLETED" />
100-->NHapp/NHapp/AndroidManifest.xml:94:17-86
100-->NHapp/NHapp/AndroidManifest.xml:94:25-83
101                <action android:name="android.intent.action.REBOOT" />
101-->NHapp/NHapp/AndroidManifest.xml:95:17-71
101-->NHapp/NHapp/AndroidManifest.xml:95:25-68
102                <action android:name="android.intent.action.QUICKBOOT_POWERON" />
102-->NHapp/NHapp/AndroidManifest.xml:96:17-82
102-->NHapp/NHapp/AndroidManifest.xml:96:25-79
103                <action android:name="com.htc.intent.action.QUICKBOOT_POWERON" />
103-->NHapp/NHapp/AndroidManifest.xml:97:17-82
103-->NHapp/NHapp/AndroidManifest.xml:97:25-79
104                <action android:name="android.intent.action.ACTION_SHUTDOWN" />
104-->NHapp/NHapp/AndroidManifest.xml:98:17-80
104-->NHapp/NHapp/AndroidManifest.xml:98:25-77
105            </intent-filter>
106        </receiver>
107
108        <service
108-->NHapp/NHapp/AndroidManifest.xml:102:9-105:39
109            android:name="com.offsec.nethunter.service.CompatCheckService"
109-->NHapp/NHapp/AndroidManifest.xml:103:13-55
110            android:enabled="true"
110-->NHapp/NHapp/AndroidManifest.xml:104:13-35
111            android:exported="false" />
111-->NHapp/NHapp/AndroidManifest.xml:105:13-37
112        <service
112-->NHapp/NHapp/AndroidManifest.xml:106:9-109:39
113            android:name="com.offsec.nethunter.service.NotificationChannelService"
113-->NHapp/NHapp/AndroidManifest.xml:107:13-63
114            android:enabled="true"
114-->NHapp/NHapp/AndroidManifest.xml:108:13-35
115            android:exported="false" />
115-->NHapp/NHapp/AndroidManifest.xml:109:13-37
116        <service
116-->NHapp/NHapp/AndroidManifest.xml:110:9-114:71
117            android:name="com.offsec.nethunter.service.RunAtBootService"
117-->NHapp/NHapp/AndroidManifest.xml:111:13-53
118            android:enabled="true"
118-->NHapp/NHapp/AndroidManifest.xml:112:13-35
119            android:exported="false"
119-->NHapp/NHapp/AndroidManifest.xml:113:13-37
120            android:permission="android.permission.BIND_JOB_SERVICE" />
120-->NHapp/NHapp/AndroidManifest.xml:114:13-69
121        <!--
122        service
123            android:name=".service.DummyAccessibilityService"
124            android:permission="android.permission.BIND_ACCESSIBILITY_SERVICE">
125            <intent-filter>
126                <action android:name="android.accessibilityservice.AccessibilityService" />
127            </intent-filter>
128            <meta-data
129                android:name="android.accessibilityservice"
130                android:resource="@xml/dummy_accessibility_service"/>
131        </service
132        -->
133        <service
133-->NHapp/NHapp/AndroidManifest.xml:125:9-128:40
134            android:name="com.offsec.nethunter.gps.LocationUpdateService"
134-->NHapp/NHapp/AndroidManifest.xml:126:13-54
135            android:enabled="true"
135-->NHapp/NHapp/AndroidManifest.xml:127:13-35
136            android:exported="false" />
136-->NHapp/NHapp/AndroidManifest.xml:128:13-37
137
138        <activity
138-->[com.google.android.gms:play-services-base:17.0.0] AndroidManifest.xml:23:9-26:75
139            android:name="com.google.android.gms.common.api.GoogleApiActivity"
139-->[com.google.android.gms:play-services-base:17.0.0] AndroidManifest.xml:24:13-79
140            android:exported="false"
140-->[com.google.android.gms:play-services-base:17.0.0] AndroidManifest.xml:25:13-37
141            android:theme="@android:style/Theme.Translucent.NoTitleBar" />
141-->[com.google.android.gms:play-services-base:17.0.0] AndroidManifest.xml:26:13-72
142
143        <meta-data
143-->[com.google.android.gms:play-services-basement:17.0.0] AndroidManifest.xml:23:9-25:69
144            android:name="com.google.android.gms.version"
144-->[com.google.android.gms:play-services-basement:17.0.0] AndroidManifest.xml:24:13-58
145            android:value="@integer/google_play_services_version" />
145-->[com.google.android.gms:play-services-basement:17.0.0] AndroidManifest.xml:25:13-66
146
147        <provider
147-->[androidx.lifecycle:lifecycle-process:2.2.0] AndroidManifest.xml:25:9-29:43
148            android:name="androidx.lifecycle.ProcessLifecycleOwnerInitializer"
148-->[androidx.lifecycle:lifecycle-process:2.2.0] AndroidManifest.xml:26:13-79
149            android:authorities="com.offsec.nethunter.lifecycle-process"
149-->[androidx.lifecycle:lifecycle-process:2.2.0] AndroidManifest.xml:27:13-69
150            android:exported="false"
150-->[androidx.lifecycle:lifecycle-process:2.2.0] AndroidManifest.xml:28:13-37
151            android:multiprocess="true" />
151-->[androidx.lifecycle:lifecycle-process:2.2.0] AndroidManifest.xml:29:13-40
152    </application>
153
154</manifest>